0 silly input [ 'lighthouse' ]
1 silly flags { _: [ 'run' ],
1 silly flags   'reject-cycles': false,
1 silly flags   rejectCycles: false,
1 silly flags   scope: 'kauri-wallet',
1 silly flags   script: 'lighthouse',
1 silly flags   args: [] }
2 verbose rootPath /Users/Ro/www/nav/kauri/kauri-wallet
3 info version 2.11.0
4 silly existsSync /Users/Ro/www/nav/kauri/kauri-wallet/VERSION
5 info versioning independent
6 info scope kauri-wallet
7 silly initialize attempt
8 silly initialize success
9 silly execute attempt
10 silly runScriptInDir lighthouse [] kauri-wallet
11 silly getExecOpts { cwd: '/Users/Ro/www/nav/kauri/kauri-wallet/packages/kauri-wallet' }
12 error lighthouse Errored while running script in 'kauri-wallet'
13 error execute callback with error
14 error Error: Command failed: npm run lighthouse
14 error npm ERR! code ELIFECYCLE
14 error npm ERR! errno 1
14 error npm ERR! kauri-wallet@0.0.0 lighthouse: `node lighthouse.js`
14 error npm ERR! Exit status 1
14 error npm ERR!
14 error npm ERR! Failed at the kauri-wallet@0.0.0 lighthouse script.
14 error npm ERR! This is probably not a problem with npm. There is likely additional logging output above.
14 error
14 error npm ERR! A complete log of this run can be found in:
14 error npm ERR!     /Users/Ro/.npm/_logs/2018-06-25T16_06_27_705Z-debug.log
14 error
14 error > kauri-wallet@0.0.0 lighthouse /Users/Ro/www/nav/kauri/kauri-wallet/packages/kauri-wallet
14 error > node lighthouse.js
14 error
14 error Started Lighthouse Audit
14 error failed
14 error
14 error     at Promise.all.then.arr (/Users/Ro/www/nav/kauri/kauri-wallet/node_modules/execa/index.js:236:11)
